<?xml version="1.0" encoding="UTF-8"?>
<!-- Generated by org.testng.reporters.JUnitReportReporter -->
<testsuite hostname="LAPTOP-BG1H6HQE" failures="0" tests="2" name="com.CamsOnline.CamsOnlineTradeTest" time="43.287" errors="0" timestamp="20 Sep 2020 09:30:11 GMT" skipped="0">
  <testcase classname="com.CamsOnline.CamsOnlineTradeTest" name="getCamsOnline" time="37.005"/>
  <testcase classname="com.CamsOnline.CamsOnlineTradeTest" name="getCamsOnline" time="6.282"/>
</testsuite> <!-- com.CamsOnline.CamsOnlineTradeTest -->
